<?xml version="1.0" encoding="UTF-8"?>
<!-- Generated by org.testng.reporters.JUnitReportReporter -->
<testsuite skipped="0" hostname="D-113106110" name="com.TestNGTest" tests="1" failures="0" timestamp="23 Jun 2017 06:17:01 GMT" time="5.497" errors="0">
  <testcase name="lauchBrowser" time="5.497" classname="com.TestNGTest"/>
</testsuite> <!-- com.TestNGTest -->
