<?xml version="1.0" encoding="UTF-8"?>
<!-- Generated by org.testng.reporters.JUnitReportReporter -->
<testsuite name="com.TestNGTest" tests="1" time="8.494" ignored="0" failures="0" timestamp="23 Jun 2017 06:23:01 GMT" skipped="0" hostname="D-113106110" errors="0">
  <testcase name="lauchBrowser" time="8.494" classname="com.TestNGTest"/>
</testsuite> <!-- com.TestNGTest -->
